<?xml version="1.0" encoding="utf-8"?><testsuites name="pytest tests"><testsuite name="pytest" errors="0" failures="0" skipped="0" tests="13" time="2.735" timestamp="2026-05-25T18:39:27.071424+00:00" hostname="agent-env-253ad5b4-47ea-4f2c-b013-088e23901dc9"><testcase classname="backend.tests.backend_test" name="test_health" time="0.144" /><testcase classname="backend.tests.backend_test" name="test_me_with_valid_subscriber_token" time="0.118" /><testcase classname="backend.tests.backend_test" name="test_me_with_valid_nosub_token" time="0.114" /><testcase classname="backend.tests.backend_test" name="test_me_with_invalid_token" time="0.101" /><testcase classname="backend.tests.backend_test" name="test_me_with_no_auth_header" time="0.126" /><testcase classname="backend.tests.backend_test" name="test_auth_session_with_invalid_session_id" time="0.245" /><testcase classname="backend.tests.backend_test" name="test_logout_with_temp_token" time="0.225" /><testcase classname="backend.tests.backend_test" name="test_subscription_plan_is_public" time="0.095" /><testcase classname="backend.tests.backend_test" name="test_checkout_requires_auth" time="0.161" /><testcase classname="backend.tests.backend_test" name="test_checkout_creates_stripe_session_and_db_row" time="0.631" /><testcase classname="backend.tests.backend_test" name="test_subscription_status_unknown_session_id" time="0.324" /><testcase classname="backend.tests.backend_test" name="test_subscription_status_requires_auth" time="0.139" /><testcase classname="backend.tests.backend_test" name="test_webhook_invalid_signature_returns_4xx_not_5xx" time="0.146" /></testsuite></testsuites>