<?xml version="1.0" encoding="utf-8"?><testsuites name="pytest tests"><testsuite name="pytest" errors="0" failures="0" skipped="0" tests="17" time="4.114" timestamp="2026-05-25T19:09:22.483662+00:00" hostname="agent-env-253ad5b4-47ea-4f2c-b013-088e23901dc9"><testcase classname="backend.tests.backend_test" name="test_health" time="0.249" /><testcase classname="backend.tests.backend_test" name="test_me_with_valid_subscriber_token" time="0.133" /><testcase classname="backend.tests.backend_test" name="test_me_with_lifetime_subscriber" time="0.096" /><testcase classname="backend.tests.backend_test" name="test_me_with_valid_nosub_token" time="0.104" /><testcase classname="backend.tests.backend_test" name="test_me_with_invalid_token" time="0.113" /><testcase classname="backend.tests.backend_test" name="test_me_with_no_auth_header" time="0.124" /><testcase classname="backend.tests.backend_test" name="test_auth_session_with_invalid_session_id" time="0.257" /><testcase classname="backend.tests.backend_test" name="test_logout_with_temp_token" time="0.212" /><testcase classname="backend.tests.backend_test" name="test_subscription_plan_returns_two_plans" time="0.099" /><testcase classname="backend.tests.backend_test" name="test_checkout_requires_auth" time="0.123" /><testcase classname="backend.tests.backend_test" name="test_checkout_monthly_creates_stripe_session_and_db_row" time="0.667" /><testcase classname="backend.tests.backend_test" name="test_checkout_lifetime_creates_stripe_session" time="0.576" /><testcase classname="backend.tests.backend_test" name="test_checkout_missing_plan_type_defaults_to_monthly" time="0.513" /><testcase classname="backend.tests.backend_test" name="test_checkout_invalid_plan_type_returns_400" time="0.102" /><testcase classname="backend.tests.backend_test" name="test_subscription_status_requires_auth" time="0.105" /><testcase classname="backend.tests.backend_test" name="test_subscription_status_unknown_session_id" time="0.327" /><testcase classname="backend.tests.backend_test" name="test_webhook_invalid_signature_returns_4xx_not_5xx" time="0.152" /></testsuite></testsuites>